#
# There is insufficient memory for the Java Runtime Environment to continue.
# Native memory allocation (mmap) failed to map 266338304 bytes for G1 virtual space
# Possible reasons:
#   The system is out of physical RAM or swap space
#   The process is running with CompressedOops enabled, and the Java Heap may be blocking the growth of the native heap
# Possible solutions:
#   Reduce memory load on the system
#   Increase physical memory or swap space
#   Check if swap backing store is full
#   Decrease Java heap size (-Xmx/-Xms)
#   Decrease number of Java threads
#   Decrease Java thread stack sizes (-Xss)
#   Set larger code cache with -XX:ReservedCodeCacheSize=
#   JVM is running with Zero Based Compressed Oops mode in which the Java heap is
#     placed in the first 32GB address space. The Java Heap base address is the
#     maximum limit for the native heap growth. Please use -XX:HeapBaseMinAddress
#     to set the Java Heap base and to place the Java Heap above 32GB virtual address.
# This output file may be truncated or incomplete.
#
#  Out of Memory Error (os_windows.cpp:3541), pid=11912, tid=26572
#
# JRE version:  (17.0.5+9) (build )
# Java VM: Java HotSpot(TM) 64-Bit Server VM (17.0.5+9-LTS-191, mixed mode, emulated-client, sharing, tiered, compressed oops, compressed class ptrs, g1 gc, windows-amd64)
# No core dump will be written. Minidumps are not enabled by default on client versions of Windows
#

---------------  S U M M A R Y ------------

Command Line: -XX:TieredStopAtLevel=1 -Dspring.output.ansi.enabled=always -Dcom.sun.management.jmxremote -Dspring.jmx.enabled=true -Dspring.liveBeansView.mbeanDomain -Dspring.application.admin.enabled=true -javaagent:C:\Program Files\JetBrains\IntelliJ IDEA 2022.2.3\lib\idea_rt.jar=62263:C:\Program Files\JetBrains\IntelliJ IDEA 2022.2.3\bin -Dfile.encoding=UTF-8 com.backend.VitalTech.VitalTechApplication

Host: Intel(R) Core(TM) i7-9750H CPU @ 2.60GHz, 12 cores, 15G,  Windows 11 , 64 bit Build 22621 (10.0.22621.1635)
Time: Sat Jun 10 16:37:38 2023 GTB Daylight Time elapsed time: 0.052708 seconds (0d 0h 0m 0s)

---------------  T H R E A D  ---------------

Current thread (0x000001ee1bcc9130):  JavaThread "Unknown thread" [_thread_in_vm, id=26572, stack(0x00000024de200000,0x00000024de300000)]

Stack: [0x00000024de200000,0x00000024de300000]
Native frames: (J=compiled Java code, j=interpreted, Vv=VM code, C=native code)
V  [jvm.dll+0x672eea]
V  [jvm.dll+0x7d2a04]
V  [jvm.dll+0x7d41ae]
V  [jvm.dll+0x7d4813]
V  [jvm.dll+0x242c15]
V  [jvm.dll+0x66fe09]
V  [jvm.dll+0x664682]
V  [jvm.dll+0x300e8b]
V  [jvm.dll+0x308426]
V  [jvm.dll+0x357ffe]
V  [jvm.dll+0x35822f]
V  [jvm.dll+0x2d80a8]
V  [jvm.dll+0x2d9014]
V  [jvm.dll+0x7a44e1]
V  [jvm.dll+0x365df1]
V  [jvm.dll+0x7838fc]
V  [jvm.dll+0x3e873f]
V  [jvm.dll+0x3ea1e1]
C  [jli.dll+0x527b]
C  [ucrtbase.dll+0x29363]
C  [KERNEL32.DLL+0x126ad]
C  [ntdll.dll+0x5a9f8]


---------------  P R O C E S S  ---------------

Threads class SMR info:
_java_thread_list=0x00007ffcd2f5a8d8, length=0, elements={
}

Java Threads: ( => current thread )

Other Threads:
  0x000001ee1bd391c0 GCTaskThread "GC Thread#0" [stack: 0x00000024de300000,0x00000024de400000] [id=2684]
  0x000001ee1bd49f30 ConcurrentGCThread "G1 Main Marker" [stack: 0x00000024de400000,0x00000024de500000] [id=13912]
  0x000001ee1bd4c160 ConcurrentGCThread "G1 Conc#0" [stack: 0x00000024de500000,0x00000024de600000] [id=21748]

[error occurred during error reporting (printing all threads), id 0xc0000005, EXCEPTION_ACCESS_VIOLATION (0xc0000005) at pc=0x00007ffcd27a8a97]

VM state: not at safepoint (not fully initialized)

VM Mutex/Monitor currently owned by a thread:  ([mutex/lock_event])
[0x000001ee1bcc58d0] Heap_lock - owner thread: 0x000001ee1bcc9130

Heap address: 0x0000000702400000, size: 4060 MB, Compressed Oops mode: Zero based, Oop shift amount: 3

CDS archive(s) mapped at: [0x0000000000000000-0x0000000000000000-0x0000000000000000), size 0, SharedBaseAddress: 0x0000000800000000, ArchiveRelocationMode: 0.
Narrow klass base: 0x0000000000000000, Narrow klass shift: 0, Narrow klass range: 0x0

GC Precious Log:
<Empty>

Heap:
 garbage-first heap   total 0K, used 0K [0x0000000702400000, 0x0000000800000000)
  region size 2048K, 0 young (0K), 0 survivors (0K)

[error occurred during error reporting (printing heap information), id 0xc0000005, EXCEPTION_ACCESS_VIOLATION (0xc0000005) at pc=0x00007ffcd2b8c399]

GC Heap History (0 events):
No events

Deoptimization events (0 events):
No events

Classes unloaded (0 events):
No events

Classes redefined (0 events):
No events

Internal exceptions (0 events):
No events

VM Operations (0 events):
No events

Events (1 events):
Event: 0.040 Loaded shared library C:\Program Files\Java\jdk-17.0.5\bin\java.dll


Dynamic libraries:
0x00007ff7e24e0000 - 0x00007ff7e24f0000 	C:\Program Files\Java\jdk-17.0.5\bin\java.exe
0x00007ffd41770000 - 0x00007ffd41984000 	C:\WINDOWS\SYSTEM32\ntdll.dll
0x00007ffd3feb0000 - 0x00007ffd3ff72000 	C:\WINDOWS\System32\KERNEL32.DLL
0x00007ffd3eec0000 - 0x00007ffd3f263000 	C:\WINDOWS\System32\KERNELBASE.dll
0x00007ffd3f330000 - 0x00007ffd3f441000 	C:\WINDOWS\System32\ucrtbase.dll
0x00007ffd2cb50000 - 0x00007ffd2cb6a000 	C:\Program Files\Java\jdk-17.0.5\bin\VCRUNTIME140.dll
0x00007ffd2cd50000 - 0x00007ffd2cd68000 	C:\Program Files\Java\jdk-17.0.5\bin\jli.dll
0x00007ffd40390000 - 0x00007ffd4043e000 	C:\WINDOWS\System32\ADVAPI32.dll
0x00007ffd3fb30000 - 0x00007ffd3fbd7000 	C:\WINDOWS\System32\msvcrt.dll
0x00007ffd3fa20000 - 0x00007ffd3fac4000 	C:\WINDOWS\System32\sechost.dll
0x00007ffd400d0000 - 0x00007ffd401e7000 	C:\WINDOWS\System32\RPCRT4.dll
0x00007ffd3f580000 - 0x00007ffd3f72b000 	C:\WINDOWS\System32\USER32.dll
0x00007ffd25450000 - 0x00007ffd256de000 	C:\WINDOWS\WinSxS\amd64_microsoft.windows.common-controls_6595b64144ccf1df_6.0.22621.1635_none_270f70857386168e\COMCTL32.dll
0x00007ffd3ed80000 - 0x00007ffd3eda6000 	C:\WINDOWS\System32\win32u.dll
0x00007ffd3ff80000 - 0x00007ffd3ffa9000 	C:\WINDOWS\System32\GDI32.dll
0x00007ffd3f450000 - 0x00007ffd3f568000 	C:\WINDOWS\System32\gdi32full.dll
0x00007ffd3edb0000 - 0x00007ffd3ee4a000 	C:\WINDOWS\System32\msvcp_win.dll
0x00007ffd36320000 - 0x00007ffd3632a000 	C:\WINDOWS\SYSTEM32\VERSION.dll
0x00007ffd407d0000 - 0x00007ffd40801000 	C:\WINDOWS\System32\IMM32.DLL
0x00007ffd36e70000 - 0x00007ffd36e7c000 	C:\Program Files\Java\jdk-17.0.5\bin\vcruntime140_1.dll
0x00007ffd17610000 - 0x00007ffd1769d000 	C:\Program Files\Java\jdk-17.0.5\bin\msvcp140.dll
0x00007ffcd24c0000 - 0x00007ffcd3082000 	C:\Program Files\Java\jdk-17.0.5\bin\server\jvm.dll
0x00007ffd3f810000 - 0x00007ffd3f818000 	C:\WINDOWS\System32\PSAPI.DLL
0x00007ffd275e0000 - 0x00007ffd275e9000 	C:\WINDOWS\SYSTEM32\WSOCK32.dll
0x00007ffd36330000 - 0x00007ffd36364000 	C:\WINDOWS\SYSTEM32\WINMM.dll
0x00007ffd3f980000 - 0x00007ffd3f9f1000 	C:\WINDOWS\System32\WS2_32.dll
0x00007ffd3dbe0000 - 0x00007ffd3dbf8000 	C:\WINDOWS\SYSTEM32\kernel.appcore.dll
0x00007ffd36c10000 - 0x00007ffd36c1a000 	C:\Program Files\Java\jdk-17.0.5\bin\jimage.dll
0x00007ffd3c570000 - 0x00007ffd3c79e000 	C:\WINDOWS\SYSTEM32\DBGHELP.DLL
0x00007ffd40440000 - 0x00007ffd407c9000 	C:\WINDOWS\System32\combase.dll
0x00007ffd3f730000 - 0x00007ffd3f807000 	C:\WINDOWS\System32\OLEAUT32.dll
0x00007ffd21290000 - 0x00007ffd212c2000 	C:\WINDOWS\SYSTEM32\dbgcore.DLL
0x00007ffd3eb90000 - 0x00007ffd3ec0b000 	C:\WINDOWS\System32\bcryptPrimitives.dll
0x00007ffd2c800000 - 0x00007ffd2c80e000 	C:\Program Files\Java\jdk-17.0.5\bin\instrument.dll
0x00007ffd2cb20000 - 0x00007ffd2cb45000 	C:\Program Files\Java\jdk-17.0.5\bin\java.dll

dbghelp: loaded successfully - version: 4.0.5 - missing functions: none
symbol engine: initialized successfully - sym options: 0x614 - pdb path: .;C:\Program Files\Java\jdk-17.0.5\bin;C:\WINDOWS\SYSTEM32;C:\WINDOWS\WinSxS\amd64_microsoft.windows.common-controls_6595b64144ccf1df_6.0.22621.1635_none_270f70857386168e;C:\Program Files\Java\jdk-17.0.5\bin\server

VM Arguments:
jvm_args: -XX:TieredStopAtLevel=1 -Dspring.output.ansi.enabled=always -Dcom.sun.management.jmxremote -Dspring.jmx.enabled=true -Dspring.liveBeansView.mbeanDomain -Dspring.application.admin.enabled=true -javaagent:C:\Program Files\JetBrains\IntelliJ IDEA 2022.2.3\lib\idea_rt.jar=62263:C:\Program Files\JetBrains\IntelliJ IDEA 2022.2.3\bin -Dfile.encoding=UTF-8 
java_command: com.backend.VitalTech.VitalTechApplication
java_class_path (initial): D:\IT Projects\InteliJDEA\Java\VitalTech\VitalTech\target\classes;C:\Users\Asus\.m2\repository\org\springframework\boot\spring-boot-starter-data-jpa\3.0.6\spring-boot-starter-data-jpa-3.0.6.jar;C:\Users\Asus\.m2\repository\org\springframework\boot\spring-boot-starter-aop\3.0.6\spring-boot-starter-aop-3.0.6.jar;C:\Users\Asus\.m2\repository\org\aspectj\aspectjweaver\1.9.19\aspectjweaver-1.9.19.jar;C:\Users\Asus\.m2\repository\org\springframework\boot\spring-boot-starter-jdbc\3.0.6\spring-boot-starter-jdbc-3.0.6.jar;C:\Users\Asus\.m2\repository\com\zaxxer\HikariCP\5.0.1\HikariCP-5.0.1.jar;C:\Users\Asus\.m2\repository\org\springframework\spring-jdbc\6.0.8\spring-jdbc-6.0.8.jar;C:\Users\Asus\.m2\repository\org\hibernate\orm\hibernate-core\6.1.7.Final\hibernate-core-6.1.7.Final.jar;C:\Users\Asus\.m2\repository\jakarta\persistence\jakarta.persistence-api\3.1.0\jakarta.persistence-api-3.1.0.jar;C:\Users\Asus\.m2\repository\jakarta\transaction\jakarta.transaction-api\2.0.1\jakarta.transaction-api-2.0.1.jar;C:\Users\Asus\.m2\repository\org\jboss\logging\jboss-logging\3.5.0.Final\jboss-logging-3.5.0.Final.jar;C:\Users\Asus\.m2\repository\org\hibernate\common\hibernate-commons-annotations\6.0.6.Final\hibernate-commons-annotations-6.0.6.Final.jar;C:\Users\Asus\.m2\repository\org\jboss\jandex\2.4.2.Final\jandex-2.4.2.Final.jar;C:\Users\Asus\.m2\repository\com\fasterxml\classmate\1.5.1\classmate-1.5.1.jar;C:\Users\Asus\.m2\repository\net\bytebuddy\byte-buddy\1.12.23\byte-buddy-1.12.23.jar;C:\Users\Asus\.m2\repository\org\glassfish\jaxb\jaxb-runtime\4.0.2\jaxb-runtime-4.0.2.jar;C:\Users\Asus\.m2\repository\org\glassfish\jaxb\jaxb-core\4.0.2\jaxb-core-4.0.2.jar;C:\Users\Asus\.m2\repository\org\eclipse\angus\angus-activation\2.0.0\angus-activation-2.0.0.jar;C:\Users\Asus\.m2\repository\org\glassfish\jaxb\txw2\4.0.2\txw2-4.0.2.jar;C:\Users\Asus\.m2\repository\com\sun\istack\istack-commons-runtime\4.1.1\istack-commons-runtime-4.1.1.jar;C:\Users\Asus\.m2\rep
Launcher Type: SUN_STANDARD

[Global flags]
     intx CICompilerCount                          = 4                                         {product} {ergonomic}
     uint ConcGCThreads                            = 3                                         {product} {ergonomic}
     uint G1ConcRefinementThreads                  = 10                                        {product} {ergonomic}
   size_t G1HeapRegionSize                         = 2097152                                   {product} {ergonomic}
    uintx GCDrainStackTargetSize                   = 64                                        {product} {ergonomic}
   size_t InitialHeapSize                          = 266338304                                 {product} {ergonomic}
     bool ManagementServer                         = true                                      {product} {command line}
   size_t MarkStackSize                            = 4194304                                   {product} {ergonomic}
   size_t MaxHeapSize                              = 4257218560                                {product} {ergonomic}
   size_t MinHeapDeltaBytes                        = 2097152                                   {product} {ergonomic}
   size_t MinHeapSize                              = 8388608                                   {product} {ergonomic}
    uintx NonProfiledCodeHeapSize                  = 0                                      {pd product} {ergonomic}
     bool ProfileInterpreter                       = false                                  {pd product} {command line}
    uintx ProfiledCodeHeapSize                     = 0                                      {pd product} {ergonomic}
   size_t SoftMaxHeapSize                          = 4257218560                             {manageable} {ergonomic}
     intx TieredStopAtLevel                        = 1                                         {product} {command line}
     bool UseCompressedClassPointers               = true                           {product lp64_product} {ergonomic}
     bool UseCompressedOops                        = true                           {product lp64_product} {ergonomic}
     bool UseG1GC                                  = true                                      {product} {ergonomic}
     bool UseLargePagesIndividualAllocation        = false                                  {pd product} {ergonomic}

Logging:
Log output configuration:
 #0: stdout all=warning uptime,level,tags
 #1: stderr all=off uptime,level,tags

Environment Variables:
PATH=C:\oraclexe\app\oracle\product\11.2.0\server\bin;C:\Program Files\OpenJDK\jdk-8.0.262.10-hotspot\bin;C:\Program Files\Common Files\Oracle\Java\javapath;C:\Program Files (x86)\Razer Chroma SDK\bin;C:\Program Files\Razer Chroma SDK\bin;C:\Program Files (x86)\Razer\ChromaBroadcast\bin;C:\Program Files\Razer\ChromaBroadcast\bin;C:\Program Files (x86)\Common Files\Oracle\Java\javapath;C:\Windows\system32;C:\Windows;C:\Windows\System32\Wbem;C:\Windows\System32\WindowsPowerShell\v1.0\;C:\Windows\System32\OpenSSH\;C:\Program Files (x86)\NVIDIA Corporation\PhysX\Common;C:\Program Files\dotnet\;C:\Program Files\NVIDIA Corporation\NVIDIA NvDLISR;C:\Program Files\MATLAB\R2020b\bin;C:\Windows\system32\config\systemprofile\AppData\Local\Microsoft\WindowsApps;C:\WINDOWS\system32;C:\WINDOWS;C:\WINDOWS\System32\Wbem;C:\WINDOWS\System32\WindowsPowerShell\v1.0\;C:\WINDOWS\System32\OpenSSH\;C:\Program Files (x86)\dotnet\;C:\Program Files\Microsoft SQL Server\130\Tools\Binn\;C:\Program Files\Microsoft SQL Server\150\Tools\Binn\;C:\Program Files\Microsoft SQL Server\Client SDK\ODBC\170\Tools\Binn\;C:\Program Files\Git\Git\cmd;C:\Program Files\MySQL\MySQL Shell 8.0\bin\;C:\Users\Asus\AppData\Local\Microsoft\WindowsApps;;C:\Users\Asus\AppData\Local\Programs\Microsoft VS Code\bin;C:\Users\Asus\.dotnet\tools
USERNAME=Asus
OS=Windows_NT
PROCESSOR_IDENTIFIER=Intel64 Family 6 Model 158 Stepping 10, GenuineIntel



---------------  S Y S T E M  ---------------

OS:
 Windows 11 , 64 bit Build 22621 (10.0.22621.1635)
OS uptime: 9 days 21:20 hours

CPU: total 12 (initial active 12) (6 cores per cpu, 2 threads per core) family 6 model 158 stepping 10 microcode 0xde, cx8, cmov, fxsr, ht, mmx, 3dnowpref, sse, sse2, sse3, ssse3, sse4.1, sse4.2, popcnt, lzcnt, tsc, tscinvbit, avx, avx2, aes, erms, clmul, bmi1, bmi2, adx, fma, vzeroupper, clflush, clflushopt

Memory: 4k page, system-wide physical 16234M (478M free)
TotalPageFile size 37207M (AvailPageFile size 137M)
current process WorkingSet (physical memory assigned to process): 11M, peak: 11M
current process commit charge ("private bytes"): 59M, peak: 313M

vm_info: Java HotSpot(TM) 64-Bit Server VM (17.0.5+9-LTS-191) for windows-amd64 JRE (17.0.5+9-LTS-191), built on Sep 13 2022 17:31:43 by "mach5one" with MS VC++ 16.8 / 16.9 (VS2019)

END.
